生成启动时间为 2013/6/30 10:19:12。
     1>项目“D:\Handcv\Handcv\Handcv\Handcv.vcxproj”在节点 2 上(build 个目标)。
     1>InitializeBuildStatus:
         正在创建“Debug\Handcv.unsuccessfulbuild”，因为已指定“AlwaysCreate”。
       ClCompile:
         d:\vs2010\VC\bin\CL.exe /c /ZI /nologo /W3 /WX- /Od /Oy- /D WIN32 /D _DEBUG /D _CONSOLE /D _UNICODE /D UNICODE /Gm /EHsc /RTC1 /MDd /GS /fp:precise /Zc:wchar_t /Zc:forScope /Fo"Debug\\" /Fd"Debug\vc100.pdb" /Gd /TP /analyze- /errorReport:prompt handcv.cpp
         handcv.cpp
     1>d:\handcv\handcv\handcv\handcv.cpp(198): warning C4018: “<”: 有符号/无符号不匹配
     1>d:\handcv\handcv\handcv\handcv.cpp(199): warning C4244: “参数”: 从“double”转换到“int”，可能丢失数据
     1>d:\handcv\handcv\handcv\handcv.cpp(199): warning C4244: “参数”: 从“double”转换到“int”，可能丢失数据
     1>d:\handcv\handcv\handcv\handcv.cpp(200): warning C4244: “参数”: 从“double”转换到“int”，可能丢失数据
     1>d:\handcv\handcv\handcv\handcv.cpp(200): warning C4244: “参数”: 从“double”转换到“int”，可能丢失数据
     1>d:\handcv\handcv\handcv\handcv.cpp(205): warning C4018: “<”: 有符号/无符号不匹配
     1>d:\handcv\handcv\handcv\handcv.cpp(206): warning C4244: “参数”: 从“double”转换到“int”，可能丢失数据
     1>d:\handcv\handcv\handcv\handcv.cpp(206): warning C4244: “参数”: 从“double”转换到“int”，可能丢失数据
     1>d:\handcv\handcv\handcv\handcv.cpp(207): warning C4244: “参数”: 从“double”转换到“int”，可能丢失数据
     1>d:\handcv\handcv\handcv\handcv.cpp(207): warning C4244: “参数”: 从“double”转换到“int”，可能丢失数据
       ManifestResourceCompile:
         所有输出均为最新。
       Link:
         d:\vs2010\VC\bin\link.exe /ERRORREPORT:PROMPT /OUT:"D:\Handcv\Handcv\Debug\Handcv.exe" /INCREMENTAL /NOLOGO opencv_calib3d244d.lib opencv_contrib244d.lib opencv_core244d.lib opencv_features2d244d.lib opencv_flann244d.lib opencv_gpu244d.lib opencv_highgui244d.lib opencv_imgproc244d.lib opencv_legacy244d.lib opencv_ml244d.lib opencv_objdetect244d.lib opencv_ts244d.lib opencv_video244d.lib kernel32.lib user32.lib gdi32.lib winspool.lib comdlg32.lib advapi32.lib shell32.lib ole32.lib oleaut32.lib uuid.lib odbc32.lib odbccp32.lib /MANIFEST /ManifestFile:"Debug\Handcv.exe.intermediate.manifest" /MANIFESTUAC:"level='asInvoker' uiAccess='false'" /DEBUG /PDB:"D:\Handcv\Handcv\Debug\Handcv.pdb" /SUBSYSTEM:CONSOLE /TLBID:1 /DYNAMICBASE /NXCOMPAT /IMPLIB:"D:\Handcv\Handcv\Debug\Handcv.lib" /MACHINE:X86 Debug\Handcv.exe.embed.manifest.res
         Debug\handcv.obj
       Manifest:
         C:\Program Files\Microsoft SDKs\Windows\v7.0A\bin\mt.exe /nologo /verbose /out:"Debug\Handcv.exe.embed.manifest" /manifest Debug\Handcv.exe.intermediate.manifest
         所有输出均为最新。
       LinkEmbedManifest:
         所有输出均为最新。
         Handcv.vcxproj -> D:\Handcv\Handcv\Debug\Handcv.exe
       FinalizeBuildStatus:
         正在删除文件“Debug\Handcv.unsuccessfulbuild”。
         正在对“Debug\Handcv.lastbuildstate”执行 Touch 任务。
     1>已完成生成项目“D:\Handcv\Handcv\Handcv\Handcv.vcxproj”(build 个目标)的操作。

生成成功。

已用时间 00:00:07.64
