D:\HANDCV\HANDCV\DEBUG\HANDCV.EXE
D:\HANDCV\HANDCV\DEBUG\HANDCV.ILK
D:\HANDCV\HANDCV\DEBUG\HANDCV.PDB
D:\Handcv\Handcv\Handcv\Debug\cl.command.1.tlog
D:\Handcv\Handcv\Handcv\Debug\CL.read.1.tlog
D:\Handcv\Handcv\Handcv\Debug\CL.write.1.tlog
D:\HANDCV\HANDCV\HANDCV\DEBUG\HANDCV.EXE.EMBED.MANIFEST
D:\HANDCV\HANDCV\HANDCV\DEBUG\HANDCV.EXE.EMBED.MANIFEST.RES
D:\HANDCV\HANDCV\HANDCV\DEBUG\HANDCV.EXE.INTERMEDIATE.MANIFEST
D:\HANDCV\HANDCV\HANDCV\DEBUG\HANDCV.OBJ
D:\Handcv\Handcv\Handcv\Debug\Handcv_manifest.rc
D:\Handcv\Handcv\Handcv\Debug\link.4520.read.1.tlog
D:\Handcv\Handcv\Handcv\Debug\link.4520.write.1.tlog
D:\Handcv\Handcv\Handcv\Debug\link.4520-cvtres.read.1.tlog
D:\Handcv\Handcv\Handcv\Debug\link.4520-cvtres.write.1.tlog
D:\Handcv\Handcv\Handcv\Debug\link.command.1.tlog
D:\Handcv\Handcv\Handcv\Debug\link.read.1.tlog
D:\Handcv\Handcv\Handcv\Debug\link.write.1.tlog
D:\Handcv\Handcv\Handcv\Debug\link-cvtres.read.1.tlog
D:\Handcv\Handcv\Handcv\Debug\link-cvtres.write.1.tlog
D:\Handcv\Handcv\Handcv\Debug\mt.command.1.tlog
D:\Handcv\Handcv\Handcv\Debug\mt.read.1.tlog
D:\Handcv\Handcv\Handcv\Debug\mt.write.1.tlog
D:\Handcv\Handcv\Handcv\Debug\rc.command.1.tlog
D:\Handcv\Handcv\Handcv\Debug\rc.read.1.tlog
D:\Handcv\Handcv\Handcv\Debug\rc.write.1.tlog
D:\Handcv\Handcv\Handcv\Debug\vc100.idb
D:\HANDCV\HANDCV\HANDCV\DEBUG\VC100.PDB
